Build started 16-Oct-15 7:07:11 PM.
     1>Project "C:\Users\Pranav\Documents\Visual Studio 2013\Projects\FaceDetection\FaceDetection\FaceDetection.vcxproj" on node 2 (Build target(s)).
     1>ClCompile:
         C:\Program Files (x86)\Microsoft Visual Studio 12.0\VC\bin\CL.exe /c /I"C:\Program Files (x86)\Tesseract-OCR\include\tesseract" /I"C:\Program Files (x86)\Tesseract-OCR\include" /I"C:\Program Files (x86)\Tesseract-OCR\include\leptonica" /IC:\OpenCV\OPENCV2.4.10\opencv\build\include /IC:\OpenCV\OPENCV2.4.10\opencv\build\include\opencv /IC:\OpenCV\OPENCV2.4.10\opencv\build\include\opencv2 /ZI /nologo /W3 /WX- /sdl /Od /Oy- /D WIN32 /D _DEBUG /D _CONSOLE /D _LIB /D _UNICODE /D UNICODE /Gm /EHsc /RTC1 /MDd /GS /fp:precise /Zc:wchar_t /Zc:forScope /Fo"Debug\\" /Fd"Debug\vc120.pdb" /Gd /TP /analyze- /errorReport:prompt Source.cpp
         Source.cpp
     1>c:\users\pranav\documents\visual studio 2013\projects\facedetection\facedetection\source.cpp(79): warning C4244: '=' : conversion from 'int' to 'float', possible loss of data
     1>c:\users\pranav\documents\visual studio 2013\projects\facedetection\facedetection\source.cpp(87): warning C4244: 'return' : conversion from 'double' to 'float', possible loss of data
     1>c:\users\pranav\documents\visual studio 2013\projects\facedetection\facedetection\source.cpp(189): warning C4244: 'initializing' : conversion from 'int' to 'float', possible loss of data
     1>c:\users\pranav\documents\visual studio 2013\projects\facedetection\facedetection\source.cpp(197): warning C4244: 'initializing' : conversion from 'int' to 'float', possible loss of data
     1>c:\users\pranav\documents\visual studio 2013\projects\facedetection\facedetection\source.cpp(220): warning C4244: 'argument' : conversion from 'double' to 'int', possible loss of data
     1>c:\users\pranav\documents\visual studio 2013\projects\facedetection\facedetection\source.cpp(258): warning C4244: '=' : conversion from 'int' to 'float', possible loss of data
     1>c:\users\pranav\documents\visual studio 2013\projects\facedetection\facedetection\source.cpp(259): warning C4244: '=' : conversion from 'int' to 'float', possible loss of data
     1>c:\users\pranav\documents\visual studio 2013\projects\facedetection\facedetection\source.cpp(283): warning C4018: '<' : signed/unsigned mismatch
     1>c:\users\pranav\documents\visual studio 2013\projects\facedetection\facedetection\source.cpp(284): warning C4018: '<' : signed/unsigned mismatch
     1>c:\users\pranav\documents\visual studio 2013\projects\facedetection\facedetection\source.cpp(296): warning C4018: '<' : signed/unsigned mismatch
     1>c:\users\pranav\documents\visual studio 2013\projects\facedetection\facedetection\source.cpp(309): warning C4018: '<' : signed/unsigned mismatch
     1>c:\users\pranav\documents\visual studio 2013\projects\facedetection\facedetection\source.cpp(328): warning C4018: '<' : signed/unsigned mismatch
     1>c:\users\pranav\documents\visual studio 2013\projects\facedetection\facedetection\source.cpp(341): warning C4244: 'argument' : conversion from 'double' to 'float', possible loss of data
     1>c:\users\pranav\documents\visual studio 2013\projects\facedetection\facedetection\source.cpp(349): warning C4101: 'sum' : unreferenced local variable
       Link:
         C:\Program Files (x86)\Microsoft Visual Studio 12.0\VC\bin\link.exe /ERRORREPORT:PROMPT /OUT:"C:\Users\Pranav\Documents\Visual Studio 2013\Projects\FaceDetection\Debug\FaceDetection.exe" /INCREMENTAL /NOLOGO /LIBPATH:"C:\Program Files (x86)\Tesseract-OCR\lib" /LIBPATH:C:\OpenCV\OPENCV2.4.10\opencv\build\x86\vc12\bin /LIBPATH:C:\OpenCV\OPENCV2.4.10\opencv\build\x86\vc12\lib opencv_calib3d2410d.lib opencv_contrib2410d.lib opencv_core2410d.lib opencv_features2d2410d.lib opencv_flann2410d.lib opencv_gpu2410d.lib opencv_highgui2410d.lib opencv_imgproc2410d.lib opencv_legacy2410d.lib opencv_ml2410d.lib opencv_nonfree2410d.lib opencv_objdetect2410d.lib opencv_photo2410d.lib opencv_stitching2410d.lib opencv_superres2410d.lib opencv_ts2410d.lib opencv_video2410d.lib opencv_videostab2410d.lib liblept168.lib liblept168d.lib libtesseract302.lib libtesseract302d.lib kernel32.lib user32.lib gdi32.lib winspool.lib comdlg32.lib advapi32.lib shell32.lib ole32.lib oleaut32.lib uuid.lib odbc32.lib odbccp32.lib /MANIFEST /MANIFESTUAC:"level='asInvoker' uiAccess='false'" /manifest:embed /DEBUG /PDB:"C:\Users\Pranav\Documents\Visual Studio 2013\Projects\FaceDetection\Debug\FaceDetection.pdb" /SUBSYSTEM:CONSOLE /TLBID:1 /DYNAMICBASE /NXCOMPAT /IMPLIB:"C:\Users\Pranav\Documents\Visual Studio 2013\Projects\FaceDetection\Debug\FaceDetection.lib" /MACHINE:X86 Debug\Source.obj
         FaceDetection.vcxproj -> C:\Users\Pranav\Documents\Visual Studio 2013\Projects\FaceDetection\Debug\FaceDetection.exe
     1>Done Building Project "C:\Users\Pranav\Documents\Visual Studio 2013\Projects\FaceDetection\FaceDetection\FaceDetection.vcxproj" (Build target(s)).

Build succeeded.

Time Elapsed 00:00:13.48
